-------------------------------------------------------------------------------
Test set: com.ecaphi.auto.CarRegistrationMvcApplicationTests
-------------------------------------------------------------------------------
Tests run: 1, Failures: 0, Errors: 1, Skipped: 0, Time elapsed: 0.37 s <<< FAILURE! - in com.ecaphi.auto.CarRegistrationMvcApplicationTests
initializationError(com.ecaphi.auto.CarRegistrationMvcApplicationTests)  Time elapsed: 0.007 s  <<< ERROR!
java.lang.IllegalStateException: Unable to find a @SpringBootConfiguration, you need to use @ContextConfiguration or @SpringBootTest(classes=...) with your test

